0 info it worked if it ends with ok
1 verbose cli [ '/usr/local/nvm/versions/node/v6.11.1/bin/node',
1 verbose cli   '/usr/bin/npm',
1 verbose cli   'run',
1 verbose cli   'main' ]
2 info using npm@3.10.10
3 info using node@v6.11.1
4 verbose config Skipping project config: /home/akhilprm999/.npmrc. (matches userconfig)
5 verbose run-script [ 'premain', 'main', 'postmain' ]
6 info lifecycle transport-tracker-server@1.0.0~premain: transport-tracker-server@1.0.0
7 silly lifecycle transport-tracker-server@1.0.0~premain: no script for premain, continuing
8 info lifecycle transport-tracker-server@1.0.0~main: transport-tracker-server@1.0.0
9 verbose lifecycle transport-tracker-server@1.0.0~main: unsafe-perm in lifecycle true
10 verbose lifecycle transport-tracker-server@1.0.0~main: PATH: /usr/local/nvm/versions/node/v6.11.1/lib/node_modules/npm/bin/node-gyp-bin:/home/akhilprm999/node_modules/.bin:/usr/local/nvm/versions/node/v6.11.1/bin:/google/google-cloud-sdk/bin:/home/akhilprm999/gopath/bin:/google/gopath/bin:/google/google-cloud-sdk/bin:/usr/local/go/bin:/gradle-2.12/bin:/apache-maven-3.3.9/bin:/usr/local/sbin:/usr/local/bin:/usr/sbin:/usr/bin:/sbin:/bin:/usr/local/nvm/versions/node/v6.11.1/bin:/google/go_appengine:/google/google_appengine
11 verbose lifecycle transport-tracker-server@1.0.0~main: CWD: /home/akhilprm999
12 silly lifecycle transport-tracker-server@1.0.0~main: Args: [ '-c', 'node main.js' ]
13 silly lifecycle transport-tracker-server@1.0.0~main: Returned: code: 1  signal: null
14 info lifecycle transport-tracker-server@1.0.0~main: Failed to exec main script
15 verbose stack Error: transport-tracker-server@1.0.0 main: `node main.js`
15 verbose stack Exit status 1
15 verbose stack     at EventEmitter.<anonymous> (/usr/local/nvm/versions/node/v6.11.1/lib/node_modules/npm/lib/utils/lifecycle.js:255:16)
15 verbose stack     at emitTwo (events.js:106:13)
15 verbose stack     at EventEmitter.emit (events.js:191:7)
15 verbose stack     at ChildProcess.<anonymous> (/usr/local/nvm/versions/node/v6.11.1/lib/node_modules/npm/lib/utils/spawn.js:40:14)
15 verbose stack     at emitTwo (events.js:106:13)
15 verbose stack     at ChildProcess.emit (events.js:191:7)
15 verbose stack     at maybeClose (internal/child_process.js:891:16)
15 verbose stack     at Process.ChildProcess._handle.onexit (internal/child_process.js:226:5)
16 verbose pkgid transport-tracker-server@1.0.0
17 verbose cwd /home/akhilprm999/transport-tracker-server/gtfs
18 error Linux 3.16.0-4-amd64
19 error argv "/usr/local/nvm/versions/node/v6.11.1/bin/node" "/usr/bin/npm" "run" "main"
20 error node v6.11.1
21 error npm  v3.10.10
22 error code ELIFECYCLE
23 error transport-tracker-server@1.0.0 main: `node main.js`
23 error Exit status 1
24 error Failed at the transport-tracker-server@1.0.0 main script 'node main.js'.
24 error Make sure you have the latest version of node.js and npm installed.
24 error If you do, this is most likely a problem with the transport-tracker-server package,
24 error not with npm itself.
24 error Tell the author that this fails on your system:
24 error     node main.js
24 error You can get information on how to open an issue for this project with:
24 error     npm bugs transport-tracker-server
24 error Or if that isn't available, you can get their info via:
24 error     npm owner ls transport-tracker-server
24 error There is likely additional logging output above.
25 verbose exit [ 1, true ]
